Started by user [8mha:////4P3/dqwIB1BgsOji5OxQHAmjfAV3mSBQCpQFGaX0Ia47AAAAlR+LCAAAAAAAAP9b85aBtbiIQTGjNKU4P08vOT+vOD8nVc83PyU1x6OyILUoJzMv2y+/JJUBAhiZGBgqihhk0NSjKDWzXb3RdlLBUSYGJk8GtpzUvPSSDB8G5tKinBIGIZ+sxLJE/ZzEvHT94JKizLx0a6BxUmjGOUNodHsLgAz2EgZO/dLi1CL9rMRKAK76JUC+AAAA[0mJay Cha
Building in workspace /var/jenkins_home/workspace/atmosphere
 > git rev-parse --is-inside-work-tree # timeout=10
Fetching changes from the remote Git repository
 > git config remote.origin.url https://github.com/g0t4/jenkins2-course-spring-boot.git # timeout=10
Fetching upstream changes from https://github.com/g0t4/jenkins2-course-spring-boot.git
 > git --version # timeout=10
 > git fetch --tags --progress https://github.com/g0t4/jenkins2-course-spring-boot.git +refs/heads/*:refs/remotes/origin/*
 > git rev-parse refs/remotes/origin/master^{commit} # timeout=10
 > git rev-parse refs/remotes/origin/origin/master^{commit} # timeout=10
Checking out Revision 4bde91e33e2860b2aab142028c04eff37b7791f2 (refs/remotes/origin/master)
 > git config core.sparsecheckout # timeout=10
 > git checkout -f 4bde91e33e2860b2aab142028c04eff37b7791f2
 > git rev-list 4bde91e33e2860b2aab142028c04eff37b7791f2 # timeout=10
[atmosphere] $ mvn -f /var/jenkins_home/jenkins2-course-spring-boot/spring-boot-samples/spring-boot-sample-atmosphere/pom.xml package
[INFO] Scanning for projects...
Downloading: http://repo.spring.io/snapshot/org/springframework/spring-framework-bom/4.3.2.BUILD-SNAPSHOT/maven-metadata.xml
1/2 KB   2/2 KB            Downloaded: http://repo.spring.io/snapshot/org/springframework/spring-framework-bom/4.3.2.BUILD-SNAPSHOT/maven-metadata.xml (2 KB at 1.8 KB/sec)
[INFO]                                                                         
[INFO] ------------------------------------------------------------------------
[INFO] Building Spring Boot Atmosphere Sample 1.4.0.BUILD-SNAPSHOT
[INFO] ------------------------------------------------------------------------
Downloading: http://repo.spring.io/snapshot/org/springframework/boot/spring-boot-maven-plugin/1.4.0.BUILD-SNAPSHOT/maven-metadata.xml
1/3 KB   3/3 KB            Downloaded: http://repo.spring.io/snapshot/org/springframework/boot/spring-boot-maven-plugin/1.4.0.BUILD-SNAPSHOT/maven-metadata.xml (3 KB at 7.6 KB/sec)
Downloading: http://repo.spring.io/snapshot/org/springframework/boot/spring-boot-tools/1.4.0.BUILD-SNAPSHOT/maven-metadata.xml
789/798 B   798/798 B               Downloaded: http://repo.spring.io/snapshot/org/springframework/boot/spring-boot-tools/1.4.0.BUILD-SNAPSHOT/maven-metadata.xml (798 B at 3.3 KB/sec)
Downloading: http://repo.spring.io/snapshot/org/springframework/boot/spring-boot-parent/1.4.0.BUILD-SNAPSHOT/maven-metadata.xml
789/799 B   799/799 B               Downloaded: http://repo.spring.io/snapshot/org/springframework/boot/spring-boot-parent/1.4.0.BUILD-SNAPSHOT/maven-metadata.xml (799 B at 2.8 KB/sec)
Downloading: http://repo.spring.io/snapshot/org/springframework/boot/spring-boot-dependencies/1.4.0.BUILD-SNAPSHOT/maven-metadata.xml
1/2 KB      2/2 KB            Downloaded: http://repo.spring.io/snapshot/org/springframework/boot/spring-boot-dependencies/1.4.0.BUILD-SNAPSHOT/maven-metadata.xml (2 KB at 7.6 KB/sec)
Downloading: http://repo.spring.io/snapshot/org/springframework/boot/spring-boot-starter-web/1.4.0.BUILD-SNAPSHOT/maven-metadata.xml
1/3 KB   3/3 KB            Downloaded: http://repo.spring.io/snapshot/org/springframework/boot/spring-boot-starter-web/1.4.0.BUILD-SNAPSHOT/maven-metadata.xml (3 KB at 8.0 KB/sec)
Downloading: http://repo.spring.io/snapshot/org/springframework/boot/spring-boot-starters/1.4.0.BUILD-SNAPSHOT/maven-metadata.xml
789/801 B   801/801 B               Downloaded: http://repo.spring.io/snapshot/org/springframework/boot/spring-boot-starters/1.4.0.BUILD-SNAPSHOT/maven-metadata.xml (801 B at 3.9 KB/sec)
Downloading: http://repo.spring.io/snapshot/org/springframework/boot/spring-boot-starter/1.4.0.BUILD-SNAPSHOT/maven-metadata.xml
1/3 KB      3/3 KB            Downloaded: http://repo.spring.io/snapshot/org/springframework/boot/spring-boot-starter/1.4.0.BUILD-SNAPSHOT/maven-metadata.xml (3 KB at 9.7 KB/sec)
Downloading: http://repo.spring.io/snapshot/org/springframework/boot/spring-boot/1.4.0.BUILD-SNAPSHOT/maven-metadata.xml
3/3 KB            Downloaded: http://repo.spring.io/snapshot/org/springframework/boot/spring-boot/1.4.0.BUILD-SNAPSHOT/maven-metadata.xml (3 KB at 11.0 KB/sec)
Downloading: http://repo.spring.io/snapshot/org/springframework/spring-core/4.3.2.BUILD-SNAPSHOT/maven-metadata.xml
1/2 KB   2/2 KB            Downloaded: http://repo.spring.io/snapshot/org/springframework/spring-core/4.3.2.BUILD-SNAPSHOT/maven-metadata.xml (2 KB at 4.3 KB/sec)
Downloading: http://repo.spring.io/snapshot/org/springframework/spring-context/4.3.2.BUILD-SNAPSHOT/maven-metadata.xml
1/2 KB   2/2 KB            Downloaded: http://repo.spring.io/snapshot/org/springframework/spring-context/4.3.2.BUILD-SNAPSHOT/maven-metadata.xml (2 KB at 4.0 KB/sec)
Downloading: http://repo.spring.io/snapshot/org/springframework/spring-aop/4.3.2.BUILD-SNAPSHOT/maven-metadata.xml
1/2 KB   2/2 KB            Downloaded: http://repo.spring.io/snapshot/org/springframework/spring-aop/4.3.2.BUILD-SNAPSHOT/maven-metadata.xml (2 KB at 5.1 KB/sec)
Downloading: http://repo.spring.io/snapshot/org/springframework/spring-beans/4.3.2.BUILD-SNAPSHOT/maven-metadata.xml
1/2 KB   2/2 KB            Downloaded: http://repo.spring.io/snapshot/org/springframework/spring-beans/4.3.2.BUILD-SNAPSHOT/maven-metadata.xml (2 KB at 4.5 KB/sec)
Downloading: http://repo.spring.io/snapshot/org/springframework/spring-expression/4.3.2.BUILD-SNAPSHOT/maven-metadata.xml
1/2 KB   2/2 KB            Downloaded: http://repo.spring.io/snapshot/org/springframework/spring-expression/4.3.2.BUILD-SNAPSHOT/maven-metadata.xml (2 KB at 5.2 KB/sec)
Downloading: http://repo.spring.io/snapshot/org/springframework/boot/spring-boot-autoconfigure/1.4.0.BUILD-SNAPSHOT/maven-metadata.xml
1/3 KB   3/3 KB            Downloaded: http://repo.spring.io/snapshot/org/springframework/boot/spring-boot-autoconfigure/1.4.0.BUILD-SNAPSHOT/maven-metadata.xml (3 KB at 7.2 KB/sec)
Downloading: http://repo.spring.io/snapshot/org/springframework/boot/spring-boot-starter-logging/1.4.0.BUILD-SNAPSHOT/maven-metadata.xml
1/2 KB   2/2 KB            Downloaded: http://repo.spring.io/snapshot/org/springframework/boot/spring-boot-starter-logging/1.4.0.BUILD-SNAPSHOT/maven-metadata.xml (2 KB at 7.6 KB/sec)
Downloading: http://repo.spring.io/snapshot/org/springframework/boot/spring-boot-starter-tomcat/1.4.0.BUILD-SNAPSHOT/maven-metadata.xml
1/2 KB   2/2 KB            Downloaded: http://repo.spring.io/snapshot/org/springframework/boot/spring-boot-starter-tomcat/1.4.0.BUILD-SNAPSHOT/maven-metadata.xml (2 KB at 3.7 KB/sec)
Downloading: http://repo.spring.io/snapshot/org/springframework/spring-web/4.3.2.BUILD-SNAPSHOT/maven-metadata.xml
1/2 KB   2/2 KB            Downloaded: http://repo.spring.io/snapshot/org/springframework/spring-web/4.3.2.BUILD-SNAPSHOT/maven-metadata.xml (2 KB at 4.0 KB/sec)
Downloading: http://repo.spring.io/snapshot/org/springframework/spring-webmvc/4.3.2.BUILD-SNAPSHOT/maven-metadata.xml
1/2 KB   2/2 KB            Downloaded: http://repo.spring.io/snapshot/org/springframework/spring-webmvc/4.3.2.BUILD-SNAPSHOT/maven-metadata.xml (2 KB at 3.2 KB/sec)
Downloading: http://repo.spring.io/snapshot/org/springframework/boot/spring-boot-starter-test/1.4.0.BUILD-SNAPSHOT/maven-metadata.xml
1/3 KB   3/3 KB            Downloaded: http://repo.spring.io/snapshot/org/springframework/boot/spring-boot-starter-test/1.4.0.BUILD-SNAPSHOT/maven-metadata.xml (3 KB at 10.4 KB/sec)
Downloading: http://repo.spring.io/snapshot/org/springframework/boot/spring-boot-test/1.4.0.BUILD-SNAPSHOT/maven-metadata.xml
3/3 KB   3/3 KB            Downloaded: http://repo.spring.io/snapshot/org/springframework/boot/spring-boot-test/1.4.0.BUILD-SNAPSHOT/maven-metadata.xml (3 KB at 11.4 KB/sec)
Downloading: http://repo.spring.io/snapshot/org/springframework/boot/spring-boot-test-autoconfigure/1.4.0.BUILD-SNAPSHOT/maven-metadata.xml
1/3 KB   3/3 KB            Downloaded: http://repo.spring.io/snapshot/org/springframework/boot/spring-boot-test-autoconfigure/1.4.0.BUILD-SNAPSHOT/maven-metadata.xml (3 KB at 7.8 KB/sec)
Downloading: http://repo.spring.io/snapshot/org/springframework/spring-test/4.3.2.BUILD-SNAPSHOT/maven-metadata.xml
1/2 KB   2/2 KB            Downloaded: http://repo.spring.io/snapshot/org/springframework/spring-test/4.3.2.BUILD-SNAPSHOT/maven-metadata.xml (2 KB at 1.9 KB/sec)
Downloading: http://repo.spring.io/snapshot/org/springframework/spring-websocket/4.3.2.BUILD-SNAPSHOT/maven-metadata.xml
1/2 KB   2/2 KB            Downloaded: http://repo.spring.io/snapshot/org/springframework/spring-websocket/4.3.2.BUILD-SNAPSHOT/maven-metadata.xml (2 KB at 3.4 KB/sec)
[INFO] 
[8mha:////4LBIwvvK+sYEn3Yn9S9L0sl5RhM5NlrSeM1iylWjD81RAAAAYB+LCAAAAAAAAP9b85aBtbiIQSmjNKU4P0+vJLE4u1gvPjexLDVPzxdEGvvmZ+X75ZekLlOVfvTjc8FPJgaGiiIGKaiG5Py84vycVD1nCA1SyAABjCCFBQCV27OjYAAAAA==[0m[INFO] --- jacoco-maven-plugin:0.7.7.201606060606:prepare-agent (default-prepare-agent) @ spring-boot-sample-atmosphere ---
[INFO] argLine set to -javaagent:/var/jenkins_home/.m2/repository/org/jacoco/org.jacoco.agent/0.7.7.201606060606/org.jacoco.agent-0.7.7.201606060606-runtime.jar=destfile=/var/jenkins_home/jenkins2-course-spring-boot/spring-boot-samples/spring-boot-sample-atmosphere/target/jacoco.exec
[INFO] 
[8mha:////4LBIwvvK+sYEn3Yn9S9L0sl5RhM5NlrSeM1iylWjD81RAAAAYB+LCAAAAAAAAP9b85aBtbiIQSmjNKU4P0+vJLE4u1gvPjexLDVPzxdEGvvmZ+X75ZekLlOVfvTjc8FPJgaGiiIGKaiG5Py84vycVD1nCA1SyAABjCCFBQCV27OjYAAAAA==[0m[INFO] --- maven-resources-plugin:2.6:resources (default-resources) @ spring-boot-sample-atmosphere ---
[INFO] Using 'UTF-8' encoding to copy filtered resources.
[INFO] Copying 1 resource
[INFO] Copying 3 resources
[INFO] 
[8mha:////4LBIwvvK+sYEn3Yn9S9L0sl5RhM5NlrSeM1iylWjD81RAAAAYB+LCAAAAAAAAP9b85aBtbiIQSmjNKU4P0+vJLE4u1gvPjexLDVPzxdEGvvmZ+X75ZekLlOVfvTjc8FPJgaGiiIGKaiG5Py84vycVD1nCA1SyAABjCCFBQCV27OjYAAAAA==[0m[INFO] --- maven-compiler-plugin:3.1:compile (default-compile) @ spring-boot-sample-atmosphere ---
[INFO] Nothing to compile - all classes are up to date
[INFO] 
[8mha:////4LBIwvvK+sYEn3Yn9S9L0sl5RhM5NlrSeM1iylWjD81RAAAAYB+LCAAAAAAAAP9b85aBtbiIQSmjNKU4P0+vJLE4u1gvPjexLDVPzxdEGvvmZ+X75ZekLlOVfvTjc8FPJgaGiiIGKaiG5Py84vycVD1nCA1SyAABjCCFBQCV27OjYAAAAA==[0m[INFO] --- maven-resources-plugin:2.6:testResources (default-testResources) @ spring-boot-sample-atmosphere ---
[INFO] Using 'UTF-8' encoding to copy filtered resources.
[INFO] skip non existing resourceDirectory /var/jenkins_home/jenkins2-course-spring-boot/spring-boot-samples/spring-boot-sample-atmosphere/src/test/resources
[INFO] 
[8mha:////4LBIwvvK+sYEn3Yn9S9L0sl5RhM5NlrSeM1iylWjD81RAAAAYB+LCAAAAAAAAP9b85aBtbiIQSmjNKU4P0+vJLE4u1gvPjexLDVPzxdEGvvmZ+X75ZekLlOVfvTjc8FPJgaGiiIGKaiG5Py84vycVD1nCA1SyAABjCCFBQCV27OjYAAAAA==[0m[INFO] --- maven-compiler-plugin:3.1:testCompile (default-testCompile) @ spring-boot-sample-atmosphere ---
[INFO] Nothing to compile - all classes are up to date
[INFO] 
[8mha:////4LBIwvvK+sYEn3Yn9S9L0sl5RhM5NlrSeM1iylWjD81RAAAAYB+LCAAAAAAAAP9b85aBtbiIQSmjNKU4P0+vJLE4u1gvPjexLDVPzxdEGvvmZ+X75ZekLlOVfvTjc8FPJgaGiiIGKaiG5Py84vycVD1nCA1SyAABjCCFBQCV27OjYAAAAA==[0m[INFO] --- maven-surefire-plugin:2.18.1:test (default-test) @ spring-boot-sample-atmosphere ---
[INFO] Surefire report directory: /var/jenkins_home/jenkins2-course-spring-boot/spring-boot-samples/spring-boot-sample-atmosphere/target/surefire-reports

-------------------------------------------------------
 T E S T S
-------------------------------------------------------
13:49:06.386 [main] DEBUG org.springframework.test.context.junit4.SpringJUnit4ClassRunner - SpringJUnit4ClassRunner constructor called with [class sample.atmosphere.SampleAtmosphereApplicationTests]
13:49:06.431 [main] DEBUG org.springframework.test.context.BootstrapUtils - Instantiating CacheAwareContextLoaderDelegate from class [org.springframework.test.context.cache.DefaultCacheAwareContextLoaderDelegate]
13:49:06.481 [main] DEBUG org.springframework.test.context.BootstrapUtils - Instantiating BootstrapContext using constructor [public org.springframework.test.context.support.DefaultBootstrapContext(java.lang.Class,org.springframework.test.context.CacheAwareContextLoaderDelegate)]
13:49:06.576 [main] DEBUG org.springframework.test.context.BootstrapUtils - Instantiating TestContextBootstrapper for test class [sample.atmosphere.SampleAtmosphereApplicationTests] from class [org.springframework.boot.test.context.SpringBootTestContextBootstrapper]
13:49:06.668 [main] INFO org.springframework.boot.test.context.SpringBootTestContextBootstrapper - Neither @ContextConfiguration nor @ContextHierarchy found for test class [sample.atmosphere.SampleAtmosphereApplicationTests], using SpringBootContextLoader
13:49:06.691 [main] DEBUG org.springframework.test.context.support.AbstractContextLoader - Did not detect default resource location for test class [sample.atmosphere.SampleAtmosphereApplicationTests]: class path resource [sample/atmosphere/SampleAtmosphereApplicationTests-context.xml] does not exist
13:49:06.693 [main] DEBUG org.springframework.test.context.support.AbstractContextLoader - Did not detect default resource location for test class [sample.atmosphere.SampleAtmosphereApplicationTests]: class path resource [sample/atmosphere/SampleAtmosphereApplicationTestsContext.groovy] does not exist
13:49:06.694 [main] INFO org.springframework.test.context.support.AbstractContextLoader - Could not detect default resource locations for test class [sample.atmosphere.SampleAtmosphereApplicationTests]: no resource found for suffixes {-context.xml, Context.groovy}.
13:49:06.926 [main] DEBUG org.springframework.test.context.support.ActiveProfilesUtils - Could not find an 'annotation declaring class' for annotation type [org.springframework.test.context.ActiveProfiles] and class [sample.atmosphere.SampleAtmosphereApplicationTests]
13:49:06.975 [main] DEBUG org.springframework.boot.test.context.SpringBootTestContextBootstrapper - @TestExecutionListeners is not present for class [sample.atmosphere.SampleAtmosphereApplicationTests]: using defaults.
13:49:06.990 [main] INFO org.springframework.boot.test.context.SpringBootTestContextBootstrapper - Loaded default TestExecutionListener class names from location [META-INF/spring.factories]: [org.springframework.boot.test.mock.mockito.MockitoTestExecutionListener, org.springframework.boot.test.mock.mockito.ResetMocksTestExecutionListener, org.springframework.boot.test.autoconfigure.AutoConfigureReportTestExecutionListener, org.springframework.boot.test.autoconfigure.restdocs.RestDocsTestExecutionListener, org.springframework.boot.test.autoconfigure.web.client.MockRestServiceServerResetTestExecutionListener, org.springframework.test.context.web.ServletTestExecutionListener, org.springframework.test.context.support.DirtiesContextBeforeModesTestExecutionListener, org.springframework.test.context.support.DependencyInjectionTestExecutionListener, org.springframework.test.context.support.DirtiesContextTestExecutionListener, org.springframework.test.context.transaction.TransactionalTestExecutionListener, org.springframework.test.context.jdbc.SqlScriptsTestExecutionListener]
13:49:07.022 [main] INFO org.springframework.boot.test.context.SpringBootTestContextBootstrapper - Could not instantiate TestExecutionListener [org.springframework.test.context.jdbc.SqlScriptsTestExecutionListener]. Specify custom listener classes or make the default listener classes (and their required dependencies) available. Offending class: [org/springframework/transaction/interceptor/TransactionAttribute]
13:49:07.045 [main] INFO org.springframework.boot.test.context.SpringBootTestContextBootstrapper - Could not instantiate TestExecutionListener [org.springframework.test.context.transaction.TransactionalTestExecutionListener]. Specify custom listener classes or make the default listener classes (and their required dependencies) available. Offending class: [org/springframework/transaction/TransactionDefinition]
13:49:07.045 [main] INFO org.springframework.boot.test.context.SpringBootTestContextBootstrapper - Using TestExecutionListeners: [org.springframework.test.context.web.ServletTestExecutionListener@56781d96, org.springframework.test.context.support.DirtiesContextBeforeModesTestExecutionListener@5173200b, org.springframework.boot.test.autoconfigure.AutoConfigureReportTestExecutionListener@25c5e994, org.springframework.test.context.support.DependencyInjectionTestExecutionListener@378bd86d, org.springframework.test.context.support.DirtiesContextTestExecutionListener@2189e7a7, org.springframework.boot.test.mock.mockito.MockitoTestExecutionListener@69b2f8e5, org.springframework.boot.test.autoconfigure.web.client.MockRestServiceServerResetTestExecutionListener@6331250e, org.springframework.boot.test.autoconfigure.restdocs.RestDocsTestExecutionListener@a10c1b5, org.springframework.boot.test.mock.mockito.ResetMocksTestExecutionListener@644abb8f]
13:49:07.054 [main] DEBUG org.springframework.test.annotation.ProfileValueUtils - Retrieved @ProfileValueSourceConfiguration [null] for test class [sample.atmosphere.SampleAtmosphereApplicationTests]
13:49:07.055 [main] DEBUG org.springframework.test.annotation.ProfileValueUtils - Retrieved ProfileValueSource type [class org.springframework.test.annotation.SystemProfileValueSource] for class [sample.atmosphere.SampleAtmosphereApplicationTests]
Running sample.atmosphere.SampleAtmosphereApplicationTests
13:49:07.060 [main] DEBUG org.springframework.test.context.junit4.SpringJUnit4ClassRunner - SpringJUnit4ClassRunner constructor called with [class sample.atmosphere.SampleAtmosphereApplicationTests]
13:49:07.061 [main] DEBUG org.springframework.test.context.BootstrapUtils - Instantiating CacheAwareContextLoaderDelegate from class [org.springframework.test.context.cache.DefaultCacheAwareContextLoaderDelegate]
13:49:07.061 [main] DEBUG org.springframework.test.context.BootstrapUtils - Instantiating BootstrapContext using constructor [public org.springframework.test.context.support.DefaultBootstrapContext(java.lang.Class,org.springframework.test.context.CacheAwareContextLoaderDelegate)]
13:49:07.061 [main] DEBUG org.springframework.test.context.BootstrapUtils - Instantiating TestContextBootstrapper for test class [sample.atmosphere.SampleAtmosphereApplicationTests] from class [org.springframework.boot.test.context.SpringBootTestContextBootstrapper]
13:49:07.062 [main] INFO org.springframework.boot.test.context.SpringBootTestContextBootstrapper - Neither @ContextConfiguration nor @ContextHierarchy found for test class [sample.atmosphere.SampleAtmosphereApplicationTests], using SpringBootContextLoader
13:49:07.066 [main] DEBUG org.springframework.test.context.support.AbstractContextLoader - Did not detect default resource location for test class [sample.atmosphere.SampleAtmosphereApplicationTests]: class path resource [sample/atmosphere/SampleAtmosphereApplicationTests-context.xml] does not exist
13:49:07.067 [main] DEBUG org.springframework.test.context.support.AbstractContextLoader - Did not detect default resource location for test class [sample.atmosphere.SampleAtmosphereApplicationTests]: class path resource [sample/atmosphere/SampleAtmosphereApplicationTestsContext.groovy] does not exist
13:49:07.067 [main] INFO org.springframework.test.context.support.AbstractContextLoader - Could not detect default resource locations for test class [sample.atmosphere.SampleAtmosphereApplicationTests]: no resource found for suffixes {-context.xml, Context.groovy}.
13:49:07.084 [main] DEBUG org.springframework.test.context.support.ActiveProfilesUtils - Could not find an 'annotation declaring class' for annotation type [org.springframework.test.context.ActiveProfiles] and class [sample.atmosphere.SampleAtmosphereApplicationTests]
13:49:07.087 [main] DEBUG org.springframework.boot.test.context.SpringBootTestContextBootstrapper - @TestExecutionListeners is not present for class [sample.atmosphere.SampleAtmosphereApplicationTests]: using defaults.
13:49:07.103 [main] INFO org.springframework.boot.test.context.SpringBootTestContextBootstrapper - Loaded default TestExecutionListener class names from location [META-INF/spring.factories]: [org.springframework.boot.test.mock.mockito.MockitoTestExecutionListener, org.springframework.boot.test.mock.mockito.ResetMocksTestExecutionListener, org.springframework.boot.test.autoconfigure.AutoConfigureReportTestExecutionListener, org.springframework.boot.test.autoconfigure.restdocs.RestDocsTestExecutionListener, org.springframework.boot.test.autoconfigure.web.client.MockRestServiceServerResetTestExecutionListener, org.springframework.test.context.web.ServletTestExecutionListener, org.springframework.test.context.support.DirtiesContextBeforeModesTestExecutionListener, org.springframework.test.context.support.DependencyInjectionTestExecutionListener, org.springframework.test.context.support.DirtiesContextTestExecutionListener, org.springframework.test.context.transaction.TransactionalTestExecutionListener, org.springframework.test.context.jdbc.SqlScriptsTestExecutionListener]
13:49:07.104 [main] INFO org.springframework.boot.test.context.SpringBootTestContextBootstrapper - Could not instantiate TestExecutionListener [org.springframework.test.context.jdbc.SqlScriptsTestExecutionListener]. Specify custom listener classes or make the default listener classes (and their required dependencies) available. Offending class: [org/springframework/transaction/interceptor/TransactionAttribute]
13:49:07.106 [main] INFO org.springframework.boot.test.context.SpringBootTestContextBootstrapper - Could not instantiate TestExecutionListener [org.springframework.test.context.transaction.TransactionalTestExecutionListener]. Specify custom listener classes or make the default listener classes (and their required dependencies) available. Offending class: [org/springframework/transaction/TransactionDefinition]
13:49:07.106 [main] INFO org.springframework.boot.test.context.SpringBootTestContextBootstrapper - Using TestExecutionListeners: [org.springframework.test.context.web.ServletTestExecutionListener@7c28c1, org.springframework.test.context.support.DirtiesContextBeforeModesTestExecutionListener@baf1bb3, org.springframework.boot.test.autoconfigure.AutoConfigureReportTestExecutionListener@67ec8477, org.springframework.test.context.support.DependencyInjectionTestExecutionListener@25d958c6, org.springframework.test.context.support.DirtiesContextTestExecutionListener@4482469c, org.springframework.boot.test.mock.mockito.MockitoTestExecutionListener@3703bf3c, org.springframework.boot.test.autoconfigure.web.client.MockRestServiceServerResetTestExecutionListener@34cf5a97, org.springframework.boot.test.autoconfigure.restdocs.RestDocsTestExecutionListener@5b3f3ba0, org.springframework.boot.test.mock.mockito.ResetMocksTestExecutionListener@ddf20fd]
13:49:07.106 [main] DEBUG org.springframework.test.annotation.ProfileValueUtils - Retrieved @ProfileValueSourceConfiguration [null] for test class [sample.atmosphere.SampleAtmosphereApplicationTests]
13:49:07.107 [main] DEBUG org.springframework.test.annotation.ProfileValueUtils - Retrieved ProfileValueSource type [class org.springframework.test.annotation.SystemProfileValueSource] for class [sample.atmosphere.SampleAtmosphereApplicationTests]
13:49:07.111 [main] DEBUG org.springframework.test.annotation.ProfileValueUtils - Retrieved @ProfileValueSourceConfiguration [null] for test class [sample.atmosphere.SampleAtmosphereApplicationTests]
13:49:07.111 [main] DEBUG org.springframework.test.annotation.ProfileValueUtils - Retrieved ProfileValueSource type [class org.springframework.test.annotation.SystemProfileValueSource] for class [sample.atmosphere.SampleAtmosphereApplicationTests]
13:49:07.123 [main] DEBUG org.springframework.test.context.support.AbstractDirtiesContextTestExecutionListener - Before test class: context [DefaultTestContext@783ec989 testClass = SampleAtmosphereApplicationTests, testInstance = [null], testMethod = [null], testException = [null], mergedContextConfiguration = [WebMergedContextConfiguration@1ddd3478 testClass = SampleAtmosphereApplicationTests, locations = '{}', classes = '{class sample.atmosphere.SampleAtmosphereApplication, class sample.atmosphere.SampleAtmosphereApplication}', contextInitializerClasses = '[]', activeProfiles = '{}', propertySourceLocations = '{}', propertySourceProperties = '{org.springframework.boot.test.context.SpringBootTestContextBootstrapper=true, server.port=0}', contextCustomizers = set[org.springframework.boot.test.context.SpringBootTestContextCustomizer@1bc53649, org.springframework.boot.test.context.filter.ExcludeFilterContextCustomizer@160c3ec1, org.springframework.boot.test.mock.mockito.MockitoContextCustomizer@0, org.springframework.boot.test.autoconfigure.properties.PropertyMappingContextCustomizer@0], resourceBasePath = 'src/main/webapp', contextLoader = 'org.springframework.boot.test.context.SpringBootContextLoader', parent = [null]]], class annotated with @DirtiesContext [true] with mode [AFTER_CLASS].
13:49:07.125 [main] DEBUG org.springframework.test.annotation.ProfileValueUtils - Retrieved @ProfileValueSourceConfiguration [null] for test class [sample.atmosphere.SampleAtmosphereApplicationTests]
13:49:07.125 [main] DEBUG org.springframework.test.annotation.ProfileValueUtils - Retrieved ProfileValueSource type [class org.springframework.test.annotation.SystemProfileValueSource] for class [sample.atmosphere.SampleAtmosphereApplicationTests]
13:49:07.129 [main] DEBUG org.springframework.test.context.support.DependencyInjectionTestExecutionListener - Performing dependency injection for test context [[DefaultTestContext@783ec989 testClass = SampleAtmosphereApplicationTests, testInstance = sample.atmosphere.SampleAtmosphereApplicationTests@5ecba515, testMethod = [null], testException = [null], mergedContextConfiguration = [WebMergedContextConfiguration@1ddd3478 testClass = SampleAtmosphereApplicationTests, locations = '{}', classes = '{class sample.atmosphere.SampleAtmosphereApplication, class sample.atmosphere.SampleAtmosphereApplication}', contextInitializerClasses = '[]', activeProfiles = '{}', propertySourceLocations = '{}', propertySourceProperties = '{org.springframework.boot.test.context.SpringBootTestContextBootstrapper=true, server.port=0}', contextCustomizers = set[org.springframework.boot.test.context.SpringBootTestContextCustomizer@1bc53649, org.springframework.boot.test.context.filter.ExcludeFilterContextCustomizer@160c3ec1, org.springframework.boot.test.mock.mockito.MockitoContextCustomizer@0, org.springframework.boot.test.autoconfigure.properties.PropertyMappingContextCustomizer@0], resourceBasePath = 'src/main/webapp', contextLoader = 'org.springframework.boot.test.context.SpringBootContextLoader', parent = [null]]]].
13:49:07.408 [main] DEBUG org.springframework.core.env.StandardEnvironment - Adding [systemProperties] PropertySource with lowest search precedence
13:49:07.410 [main] DEBUG org.springframework.core.env.StandardEnvironment - Adding [systemEnvironment] PropertySource with lowest search precedence
13:49:07.410 [main] DEBUG org.springframework.core.env.StandardEnvironment - Initialized StandardEnvironment with PropertySources [systemProperties,systemEnvironment]
13:49:07.415 [main] DEBUG org.springframework.test.context.support.TestPropertySourceUtils - Adding inlined properties to environment: {spring.jmx.enabled=false, org.springframework.boot.test.context.SpringBootTestContextBootstrapper=true, server.port=0}
13:49:07.417 [main] DEBUG org.springframework.core.env.StandardEnvironment - Adding [Inlined Test Properties] PropertySource with highest search precedence

  .   ____          _            __ _ _
 /\\ / ___'_ __ _ _(_)_ __  __ _ \ \ \ \
( ( )\___ | '_ | '_| | '_ \/ _` | \ \ \ \
 \\/  ___)| |_)| | | | | || (_| |  ) ) ) )
  '  |____| .__|_| |_|_| |_\__, | / / / /
 =========|_|==============|___/=/_/_/_/
 :: Spring Boot ::  (v1.4.0.BUILD-SNAPSHOT)

2017-05-23 13:49:09.271  INFO 304 --- [           main] s.a.SampleAtmosphereApplicationTests     : Starting SampleAtmosphereApplicationTests on 9b7da1023145 with PID 304 (started by jenkins in /var/jenkins_home/jenkins2-course-spring-boot/spring-boot-samples/spring-boot-sample-atmosphere)
2017-05-23 13:49:09.273  INFO 304 --- [           main] s.a.SampleAtmosphereApplicationTests     : No active profile set, falling back to default profiles: default
2017-05-23 13:49:09.332  INFO 304 --- [           main] ationConfigEmbeddedWebApplicationContext : Refreshing org.springframework.boot.context.embedded.AnnotationConfigEmbeddedWebApplicationContext@7535307c: startup date [Tue May 23 13:49:09 UTC 2017]; root of context hierarchy
2017-05-23 13:49:11.403  INFO 304 --- [           main] f.a.AutowiredAnnotationBeanPostProcessor : JSR-330 'javax.inject.Inject' annotation found and supported for autowiring
2017-05-23 13:49:12.558  INFO 304 --- [           main] s.b.c.e.t.TomcatEmbeddedServletContainer : Tomcat initialized with port(s): 0 (http)
2017-05-23 13:49:12.595  INFO 304 --- [           main] o.apache.catalina.core.StandardService   : Starting service Tomcat
2017-05-23 13:49:12.598  INFO 304 --- [           main] org.apache.catalina.core.StandardEngine  : Starting Servlet Engine: Apache Tomcat/8.5.4
2017-05-23 13:49:12.965  INFO 304 --- [ost-startStop-1] o.a.c.c.C.[Tomcat].[localhost].[/]       : Initializing Spring embedded WebApplicationContext
2017-05-23 13:49:12.965  INFO 304 --- [ost-startStop-1] o.s.web.context.ContextLoader            : Root WebApplicationContext: initialization completed in 3637 ms
2017-05-23 13:49:13.356  INFO 304 --- [ost-startStop-1] o.s.b.w.servlet.ServletRegistrationBean  : Mapping servlet: 'atmosphereServlet' to [/chat/*]
2017-05-23 13:49:13.359  INFO 304 --- [ost-startStop-1] o.s.b.w.servlet.ServletRegistrationBean  : Mapping servlet: 'dispatcherServlet' to [/home/*]
2017-05-23 13:49:13.360  INFO 304 --- [ost-startStop-1] o.a.c.c.C.[Tomcat].[localhost].[/]       : Initializing AtmosphereFramework
2017-05-23 13:49:13.462  INFO 304 --- [ost-startStop-1] o.s.b.w.servlet.FilterRegistrationBean   : Mapping filter: 'characterEncodingFilter' to: [/*]
2017-05-23 13:49:13.462  INFO 304 --- [ost-startStop-1] o.s.b.w.servlet.FilterRegistrationBean   : Mapping filter: 'hiddenHttpMethodFilter' to: [/*]
2017-05-23 13:49:13.462  INFO 304 --- [ost-startStop-1] o.s.b.w.servlet.FilterRegistrationBean   : Mapping filter: 'httpPutFormContentFilter' to: [/*]
2017-05-23 13:49:13.463  INFO 304 --- [ost-startStop-1] o.s.b.w.servlet.FilterRegistrationBean   : Mapping filter: 'requestContextFilter' to: [/*]
2017-05-23 13:49:14.221  INFO 304 --- [           main] s.w.s.m.m.a.RequestMappingHandlerAdapter : Looking for @ControllerAdvice: org.springframework.boot.context.embedded.AnnotationConfigEmbeddedWebApplicationContext@7535307c: startup date [Tue May 23 13:49:09 UTC 2017]; root of context hierarchy
2017-05-23 13:49:14.408  INFO 304 --- [           main] s.w.s.m.m.a.RequestMappingHandlerMapping : Mapped "{[/error],produces=[text/html]}" onto public org.springframework.web.servlet.ModelAndView org.springframework.boot.autoconfigure.web.BasicErrorController.errorHtml(javax.servlet.http.HttpServletRequest,javax.servlet.http.HttpServletResponse)
2017-05-23 13:49:14.410  INFO 304 --- [           main] s.w.s.m.m.a.RequestMappingHandlerMapping : Mapped "{[/error]}" onto public org.springframework.http.ResponseEntity<java.util.Map<java.lang.String, java.lang.Object>> org.springframework.boot.autoconfigure.web.BasicErrorController.error(javax.servlet.http.HttpServletRequest)
2017-05-23 13:49:14.463  INFO 304 --- [           main] o.s.w.s.handler.SimpleUrlHandlerMapping  : Root mapping to handler of type [class org.springframework.web.servlet.mvc.ParameterizableViewController]
2017-05-23 13:49:14.493  INFO 304 --- [           main] o.s.w.s.handler.SimpleUrlHandlerMapping  : Mapped URL path [/webjars/**] onto handler of type [class org.springframework.web.servlet.resource.ResourceHttpRequestHandler]
2017-05-23 13:49:14.493  INFO 304 --- [           main] o.s.w.s.handler.SimpleUrlHandlerMapping  : Mapped URL path [/**] onto handler of type [class org.springframework.web.servlet.resource.ResourceHttpRequestHandler]
2017-05-23 13:49:14.656  INFO 304 --- [           main] o.s.w.s.handler.SimpleUrlHandlerMapping  : Mapped URL path [/**/favicon.ico] onto handler of type [class org.springframework.web.servlet.resource.ResourceHttpRequestHandler]
2017-05-23 13:49:14.960  INFO 304 --- [           main] org.atmosphere.util.IOUtils              : META-INF/services/org.atmosphere.cpr.AtmosphereFramework not found in class loader
2017-05-23 13:49:15.038  INFO 304 --- [           main] org.atmosphere.cpr.AtmosphereFramework   : Atmosphere is using org.atmosphere.cpr.DefaultAnnotationProcessor for processing annotation
2017-05-23 13:49:15.041  INFO 304 --- [           main] o.a.cpr.DefaultAnnotationProcessor       : AnnotationProcessor class org.atmosphere.cpr.DefaultAnnotationProcessor$BytecodeBasedAnnotationProcessor being used
2017-05-23 13:49:15.218  INFO 304 --- [           main] org.atmosphere.cpr.AnnotationHandler     : Found Annotation in class sample.atmosphere.ChatService being scanned: interface org.atmosphere.config.service.ManagedService
2017-05-23 13:49:15.324  INFO 304 --- [           main] org.atmosphere.cpr.AtmosphereFramework   : Installed AtmosphereHandler org.atmosphere.config.managed.ManagedAtmosphereHandler mapped to context-path /chat and Broadcaster Class org.atmosphere.cpr.DefaultBroadcaster
2017-05-23 13:49:15.324  INFO 304 --- [           main] org.atmosphere.cpr.AtmosphereFramework   : Installed AtmosphereInterceptor [@ManagedService Interceptor, Atmosphere LifeCycle,  Track Message Size Interceptor using |, UUID Tracking Interceptor] mapped to AtmosphereHandler org.atmosphere.config.managed.ManagedAtmosphereHandler
2017-05-23 13:49:15.375  INFO 304 --- [           main] org.atmosphere.cpr.AtmosphereFramework   : Auto detecting WebSocketHandler in /WEB-INF/classes/
2017-05-23 13:49:15.376  INFO 304 --- [           main] org.atmosphere.cpr.AtmosphereFramework   : Installed WebSocketProtocol org.atmosphere.websocket.protocol.SimpleHttpProtocol 
2017-05-23 13:49:15.396  INFO 304 --- [           main] o.a.container.JSR356AsyncSupport         : JSR 356 Mapping path /chat
2017-05-23 13:49:15.458  INFO 304 --- [           main] org.atmosphere.cpr.AtmosphereFramework   : Installing Default AtmosphereInterceptor
2017-05-23 13:49:15.459  INFO 304 --- [           main] org.atmosphere.cpr.AtmosphereFramework   : 	org.atmosphere.interceptor.CorsInterceptor : CORS Interceptor Support
2017-05-23 13:49:15.459  INFO 304 --- [           main] org.atmosphere.cpr.AtmosphereFramework   : 	org.atmosphere.interceptor.CacheHeadersInterceptor : Default Response's Headers Interceptor
2017-05-23 13:49:15.460  INFO 304 --- [           main] org.atmosphere.cpr.AtmosphereFramework   : 	org.atmosphere.interceptor.PaddingAtmosphereInterceptor : Browser Padding Interceptor Support
2017-05-23 13:49:15.461  INFO 304 --- [           main] org.atmosphere.cpr.AtmosphereFramework   : 	org.atmosphere.interceptor.AndroidAtmosphereInterceptor : Android Interceptor Support
2017-05-23 13:49:15.461  INFO 304 --- [           main] org.atmosphere.cpr.AtmosphereFramework   : 	org.atmosphere.interceptor.HeartbeatInterceptor : Heartbeat Interceptor Support
2017-05-23 13:49:15.462  INFO 304 --- [           main] org.atmosphere.cpr.AtmosphereFramework   : 	org.atmosphere.interceptor.SSEAtmosphereInterceptor : SSE Interceptor Support
2017-05-23 13:49:15.463  INFO 304 --- [           main] org.atmosphere.cpr.AtmosphereFramework   : 	org.atmosphere.interceptor.JSONPAtmosphereInterceptor : JSONP Interceptor Support
2017-05-23 13:49:15.470  INFO 304 --- [           main] org.atmosphere.cpr.AtmosphereFramework   : 	org.atmosphere.interceptor.JavaScriptProtocol : Atmosphere JavaScript Protocol
2017-05-23 13:49:15.470  INFO 304 --- [           main] org.atmosphere.cpr.AtmosphereFramework   : 	org.atmosphere.interceptor.WebSocketMessageSuspendInterceptor : org.atmosphere.interceptor.WebSocketMessageSuspendInterceptor
2017-05-23 13:49:15.471  INFO 304 --- [           main] org.atmosphere.cpr.AtmosphereFramework   : 	org.atmosphere.interceptor.OnDisconnectInterceptor : Browser disconnection detection
2017-05-23 13:49:15.472  INFO 304 --- [           main] org.atmosphere.cpr.AtmosphereFramework   : 	org.atmosphere.interceptor.IdleResourceInterceptor : org.atmosphere.interceptor.IdleResourceInterceptor
2017-05-23 13:49:15.472  INFO 304 --- [           main] org.atmosphere.cpr.AtmosphereFramework   : Set org.atmosphere.cpr.AtmosphereInterceptor.disableDefaults to disable them.
2017-05-23 13:49:15.485  INFO 304 --- [           main] o.a.interceptor.HeartbeatInterceptor     : HeartbeatInterceptor configured with padding value ' ', client frequency 60 seconds and server frequency 10 seconds
2017-05-23 13:49:15.489  INFO 304 --- [           main] org.atmosphere.cpr.AtmosphereFramework   : Using EndpointMapper class org.atmosphere.util.DefaultEndpointMapper
2017-05-23 13:49:15.490  INFO 304 --- [           main] org.atmosphere.cpr.AtmosphereFramework   : Using BroadcasterCache: org.atmosphere.cache.UUIDBroadcasterCache
2017-05-23 13:49:15.497  INFO 304 --- [           main] org.atmosphere.cpr.AtmosphereFramework   : Default Broadcaster Class: org.atmosphere.cpr.DefaultBroadcaster
2017-05-23 13:49:15.497  INFO 304 --- [           main] org.atmosphere.cpr.AtmosphereFramework   : Broadcaster Polling Wait Time 100
2017-05-23 13:49:15.497  INFO 304 --- [           main] org.atmosphere.cpr.AtmosphereFramework   : Shared ExecutorService supported: true
2017-05-23 13:49:15.509  INFO 304 --- [           main] org.atmosphere.cpr.AtmosphereFramework   : Messaging Thread Pool Size: Unlimited
2017-05-23 13:49:15.510  INFO 304 --- [           main] org.atmosphere.cpr.AtmosphereFramework   : Async I/O Thread Pool Size: 200
2017-05-23 13:49:15.510  INFO 304 --- [           main] org.atmosphere.cpr.AtmosphereFramework   : Using BroadcasterFactory: org.atmosphere.cpr.DefaultBroadcasterFactory
2017-05-23 13:49:15.511  INFO 304 --- [           main] org.atmosphere.cpr.AtmosphereFramework   : Using WebSocketProcessor: org.atmosphere.websocket.DefaultWebSocketProcessor
2017-05-23 13:49:15.537  INFO 304 --- [           main] org.atmosphere.cpr.AtmosphereFramework   : Invoke AtmosphereInterceptor on WebSocket message true
2017-05-23 13:49:15.537  INFO 304 --- [           main] org.atmosphere.cpr.AtmosphereFramework   : HttpSession supported: false
2017-05-23 13:49:15.537  INFO 304 --- [           main] org.atmosphere.cpr.AtmosphereFramework   : Atmosphere is using DefaultAtmosphereObjectFactory for dependency injection and object creation
2017-05-23 13:49:15.537  INFO 304 --- [           main] org.atmosphere.cpr.AtmosphereFramework   : Atmosphere is using async support: org.atmosphere.container.JSR356AsyncSupport running under container: Apache Tomcat/8.5.4 using javax.servlet/3.0 and jsr356/WebSocket API
2017-05-23 13:49:15.545  INFO 304 --- [           main] org.atmosphere.cpr.AtmosphereFramework   : Atmosphere Framework 2.2.4 started.
2017-05-23 13:49:15.545  INFO 304 --- [           main] org.atmosphere.cpr.AtmosphereFramework   : 

	For Atmosphere Framework Commercial Support, visit 
	http://www.async-io.org/ or send an email to support@async-io.org

2017-05-23 13:49:15.574  INFO 304 --- [           main] s.b.c.e.t.TomcatEmbeddedServletContainer : Tomcat started on port(s): 37177 (http)
2017-05-23 13:49:15.600  INFO 304 --- [           main] s.a.SampleAtmosphereApplicationTests     : Started SampleAtmosphereApplicationTests in 8.176 seconds (JVM running for 10.983)
2017-05-23 13:49:15.679  INFO 304 --- [       Thread-3] org.atmosphere.cpr.AtmosphereFramework   : Latest version of Atmosphere's JavaScript Client 2.3.1
2017-05-23 13:49:15.679  INFO 304 --- [       Thread-3] org.atmosphere.cpr.AtmosphereFramework   : 

	Atmosphere Framework Updates
	Minor available (bugs fixes): 2.2.9-EOL
	Major available (new features): 2.4.12

  .   ____          _            __ _ _
 /\\ / ___'_ __ _ _(_)_ __  __ _ \ \ \ \
( ( )\___ | '_ | '_| | '_ \/ _` | \ \ \ \
 \\/  ___)| |_)| | | | | || (_| |  ) ) ) )
  '  |____| .__|_| |_|_| |_\__, | / / / /
 =========|_|==============|___/=/_/_/_/
 :: Spring Boot ::  (v1.4.0.BUILD-SNAPSHOT)

2017-05-23 13:49:15.850  INFO 304 --- [           main] o.a.maven.surefire.booter.ForkedBooter   : Starting ForkedBooter v2.18.1 on 9b7da1023145 with PID 304 (started by jenkins in /var/jenkins_home/jenkins2-course-spring-boot/spring-boot-samples/spring-boot-sample-atmosphere)
2017-05-23 13:49:15.851  INFO 304 --- [           main] o.a.maven.surefire.booter.ForkedBooter   : No active profile set, falling back to default profiles: default
2017-05-23 13:49:15.857  INFO 304 --- [           main] s.c.a.AnnotationConfigApplicationContext : Refreshing org.springframework.context.annotation.AnnotationConfigApplicationContext@27f904e6: startup date [Tue May 23 13:49:15 UTC 2017]; root of context hierarchy
2017-05-23 13:49:15.909  INFO 304 --- [           main] f.a.AutowiredAnnotationBeanPostProcessor : JSR-330 'javax.inject.Inject' annotation found and supported for autowiring
2017-05-23 13:49:16.061  INFO 304 --- [           main] o.s.c.support.DefaultLifecycleProcessor  : Starting beans in phase 2147483647
2017-05-23 13:49:16.061  INFO 304 --- [           main] o.s.w.s.c.WebSocketConnectionManager     : Starting WebSocketConnectionManager
2017-05-23 13:49:16.062  INFO 304 --- [           main] o.s.w.s.c.WebSocketConnectionManager     : Connecting to WebSocket at ws://localhost:37177/chat/websocket
2017-05-23 13:49:16.085  INFO 304 --- [           main] s.a.SampleAtmosphereApplicationTests     : Waiting for response: latch=1
2017-05-23 13:49:16.468  INFO 304 --- [cTaskExecutor-1] o.s.w.s.c.WebSocketConnectionManager     : Successfully connected
2017-05-23 13:49:16.546  INFO 304 --- [o-auto-1-exec-1] sample.atmosphere.ChatService            : Connected
2017-05-23 13:49:16.757  INFO 304 --- [o-auto-1-exec-1] sample.atmosphere.ChatService            : Author test sent message test
2017-05-23 13:49:16.845  INFO 304 --- [lient-AsyncIO-1] s.a.SampleAtmosphereApplicationTests     : Received: TextMessage payload=[55|{"messa..], byteCount=58, last=true] (1)
2017-05-23 13:49:16.847  INFO 304 --- [           main] s.a.SampleAtmosphereApplicationTests     : Got response: 55|{"message":"test","author":"test","time":1495547356757}
2017-05-23 13:49:16.847  INFO 304 --- [           main] o.a.maven.surefire.booter.ForkedBooter   : Started ForkedBooter in 1.13 seconds (JVM running for 12.23)
2017-05-23 13:49:16.848  INFO 304 --- [           main] s.c.a.AnnotationConfigApplicationContext : Closing org.springframework.context.annotation.AnnotationConfigApplicationContext@27f904e6: startup date [Tue May 23 13:49:15 UTC 2017]; root of context hierarchy
2017-05-23 13:49:16.850  INFO 304 --- [           main] o.s.c.support.DefaultLifecycleProcessor  : Stopping beans in phase 2147483647
2017-05-23 13:49:16.852  INFO 304 --- [           main] o.s.w.s.c.WebSocketConnectionManager     : Stopping WebSocketConnectionManager
2017-05-23 13:49:16.862  INFO 304 --- [o-auto-1-exec-3] sample.atmosphere.ChatService            : Client 4f789bee-9b0c-4b6c-a28e-fbb2ddd93b8c disconnected [cancelled]
2017-05-23 13:49:17.004  INFO 304 --- [           main] ationConfigEmbeddedWebApplicationContext : Closing org.springframework.boot.context.embedded.AnnotationConfigEmbeddedWebApplicationContext@7535307c: startup date [Tue May 23 13:49:09 UTC 2017]; root of context hierarchy
Tests run: 1, Failures: 0, Errors: 0, Skipped: 0, Time elapsed: 10.029 sec - in sample.atmosphere.SampleAtmosphereApplicationTests

Results :

Tests run: 1, Failures: 0, Errors: 0, Skipped: 0

[INFO] 
[8mha:////4LBIwvvK+sYEn3Yn9S9L0sl5RhM5NlrSeM1iylWjD81RAAAAYB+LCAAAAAAAAP9b85aBtbiIQSmjNKU4P0+vJLE4u1gvPjexLDVPzxdEGvvmZ+X75ZekLlOVfvTjc8FPJgaGiiIGKaiG5Py84vycVD1nCA1SyAABjCCFBQCV27OjYAAAAA==[0m[INFO] --- jacoco-maven-plugin:0.7.7.201606060606:report (default-report) @ spring-boot-sample-atmosphere ---
[INFO] Loading execution data file /var/jenkins_home/jenkins2-course-spring-boot/spring-boot-samples/spring-boot-sample-atmosphere/target/jacoco.exec
[INFO] Analyzed bundle 'Spring Boot Atmosphere Sample' with 6 classes
[INFO] 
[8mha:////4LBIwvvK+sYEn3Yn9S9L0sl5RhM5NlrSeM1iylWjD81RAAAAYB+LCAAAAAAAAP9b85aBtbiIQSmjNKU4P0+vJLE4u1gvPjexLDVPzxdEGvvmZ+X75ZekLlOVfvTjc8FPJgaGiiIGKaiG5Py84vycVD1nCA1SyAABjCCFBQCV27OjYAAAAA==[0m[INFO] --- maven-jar-plugin:2.6:jar (default-jar) @ spring-boot-sample-atmosphere ---
[INFO] Building jar: /var/jenkins_home/jenkins2-course-spring-boot/spring-boot-samples/spring-boot-sample-atmosphere/target/spring-boot-sample-atmosphere-1.4.0.BUILD-SNAPSHOT.jar
[INFO] 
[8mha:////4LBIwvvK+sYEn3Yn9S9L0sl5RhM5NlrSeM1iylWjD81RAAAAYB+LCAAAAAAAAP9b85aBtbiIQSmjNKU4P0+vJLE4u1gvPjexLDVPzxdEGvvmZ+X75ZekLlOVfvTjc8FPJgaGiiIGKaiG5Py84vycVD1nCA1SyAABjCCFBQCV27OjYAAAAA==[0m[INFO] --- spring-boot-maven-plugin:1.4.0.BUILD-SNAPSHOT:repackage (default) @ spring-boot-sample-atmosphere ---
Downloading: http://repo.spring.io/snapshot/org/springframework/boot/spring-boot-loader-tools/1.4.0.BUILD-SNAPSHOT/maven-metadata.xml
1/3 KB   3/3 KB            Downloaded: http://repo.spring.io/snapshot/org/springframework/boot/spring-boot-loader-tools/1.4.0.BUILD-SNAPSHOT/maven-metadata.xml (3 KB at 6.9 KB/sec)
[INFO] ------------------------------------------------------------------------
[INFO] BUILD SUCCESS
[INFO] ------------------------------------------------------------------------
[INFO] Total time: 47.183s
[INFO] Finished at: Tue May 23 13:49:33 UTC 2017
[INFO] Final Memory: 23M/190M
[INFO] ------------------------------------------------------------------------
Archiving artifacts
ERROR: No artifacts found that match the file pattern "*.jar". Configuration error?
[8mha:////4BuwZ6nmE2hmzTMJUMnRxIQZdvVKJdeeLxRRcrR0kpu6AAAAWB+LCAAAAAAAAP9b85aBtbiIQSmjNKU4P08vOT+vOD8nVc8DzHWtSE4tKMnMz/PLL0ldFVf2c+b/lb5MDAwVRQxSaBqcITRIIQMEMIIUFgAAckCEiWAAAAA=[0mERROR: â€˜*.jarâ€™ doesnâ€™t match anything, but â€˜.mvn/wrapper/*.jarâ€™ does. Perhaps thatâ€™s what you mean?
[8mha:////4BuwZ6nmE2hmzTMJUMnRxIQZdvVKJdeeLxRRcrR0kpu6AAAAWB+LCAAAAAAAAP9b85aBtbiIQSmjNKU4P08vOT+vOD8nVc8DzHWtSE4tKMnMz/PLL0ldFVf2c+b/lb5MDAwVRQxSaBqcITRIIQMEMIIUFgAAckCEiWAAAAA=[0mBuild step 'Archive the artifacts' changed build result to FAILURE
Finished: FAILURE
